<?xml version="1.0" encoding="UTF-8"?>
<testsuite xmlns:xsi="http://www.w3.org/2001/XMLSchema-instance" xsi:noNamespaceSchemaLocation="https://maven.apache.org/surefire/maven-surefire-plugin/xsd/surefire-test-report.xsd" name="com.hexware.serviceTest.CrimeAnalysisServiceTest" time="0.589" tests="2" errors="0" skipped="0" failures="1">
  <properties>
[...]
</properties>
  <testcase name="testUpdateIncidentStatus" classname="com.hexware.serviceTest.CrimeAnalysisServiceTest" time="0.507">
    <failure type="java.lang.AssertionError">java.lang.AssertionError
	at com.hexware.serviceTest.CrimeAnalysisServiceTest.testUpdateIncidentStatus(CrimeAnalysisServiceTest.java:40)
</failure>
    <system-err><![CDATA[Incident Not Found
]]></system-err>
  </testcase>
  <testcase name="testCreateIncident" classname="com.hexware.serviceTest.CrimeAnalysisServiceTest" time="0.034"/>
</testsuite>